2025-05-29 18:45:49,981 [INFO] method=GET path=/ user=anonymous duration=0.002s status=200
2025-05-29 18:45:49,982 [INFO] HTTP Request: GET http://testserver/ "HTTP/1.1 200 OK"
2025-05-29 18:45:50,011 [ERROR] NO se encontro el usuario
2025-05-29 18:45:50,011 [WARNING] HTTP error: User not found - Path: http://testserver/login
2025-05-29 18:45:50,012 [INFO] method=POST path=/login user=anonymous duration=0.027s status=404
2025-05-29 18:45:50,013 [INFO] HTTP Request: POST http://testserver/login "HTTP/1.1 404 Not Found"
2025-05-29 18:45:50,425 [ERROR] Contraseña incorrecta
2025-05-29 18:45:50,425 [WARNING] HTTP error: Password incorrect - Path: http://testserver/login
2025-05-29 18:45:50,425 [INFO] method=POST path=/login user=anonymous duration=0.193s status=400
2025-05-29 18:45:50,427 [INFO] HTTP Request: POST http://testserver/login "HTTP/1.1 400 Bad Request"
2025-05-29 18:45:50,429 [ERROR] Error al iniciar sesion {e}
2025-05-29 18:45:50,435 [ERROR] Token invalido
2025-05-29 18:45:50,437 [ERROR] No es un token de acceso
2025-05-29 18:45:50,439 [ERROR] No se encontro el user unknown_user
2025-05-29 18:45:50,442 [ERROR] No tiene expiracion
2025-05-29 18:45:50,445 [ERROR] Token expirado
2025-05-29 18:45:50,446 [ERROR] No es un token de acceso
2025-05-29 18:45:50,848 [INFO] method=POST path=/login user=anonymous duration=0.203s status=200
2025-05-29 18:45:50,849 [INFO] HTTP Request: POST http://testserver/login "HTTP/1.1 200 OK"
2025-05-29 18:45:50,860 [INFO] User 1 cerró 1 sesiones
2025-05-29 18:45:50,860 [INFO] method=POST path=/logout user=anonymous duration=0.009s status=200
2025-05-29 18:45:50,861 [INFO] HTTP Request: POST http://testserver/logout "HTTP/1.1 200 OK"
2025-05-29 18:45:50,864 [ERROR] User <Mock name='mock.user_id' id='139113160902704'> no tenia sesiones activas
2025-05-29 18:45:50,865 [ERROR] Error al cerrar sesion: Error en la base de datos
2025-05-29 18:45:51,266 [INFO] method=POST path=/login user=anonymous duration=0.202s status=200
2025-05-29 18:45:51,268 [INFO] HTTP Request: POST http://testserver/login "HTTP/1.1 200 OK"
2025-05-29 18:45:51,469 [INFO] method=POST path=/login user=anonymous duration=0.199s status=200
2025-05-29 18:45:51,470 [INFO] HTTP Request: POST http://testserver/login "HTTP/1.1 200 OK"
2025-05-29 18:45:51,477 [ERROR] No se encontró sesión activa para jti=fbcf61d4-7185-4eaf-a9fd-649eb3a4c5e8
2025-05-29 18:45:51,480 [ERROR] Scope inválido: invalid_scope
2025-05-29 18:45:51,484 [ERROR] Token expirado
2025-05-29 18:45:51,488 [ERROR] Usuario con ID 123 no encontrado
2025-05-29 18:45:51,490 [ERROR] Token invalido durante refresh: Error message: Invalid JWT
2025-05-29 18:45:51,496 [ERROR] Error al renovar el token {e}
2025-05-29 18:45:51,503 [INFO] method=GET path=/expired user=anonymous duration=0.004s status=200
2025-05-29 18:45:51,505 [INFO] HTTP Request: GET http://testserver/expired "HTTP/1.1 200 OK"
2025-05-29 18:45:58,198 [INFO] method=GET path=/ user=anonymous duration=0.001s status=200
2025-05-29 18:45:58,200 [INFO] HTTP Request: GET http://testserver/ "HTTP/1.1 200 OK"
2025-05-29 18:45:58,228 [ERROR] NO se encontro el usuario
2025-05-29 18:45:58,228 [WARNING] HTTP error: User not found - Path: http://testserver/login
2025-05-29 18:45:58,228 [INFO] method=POST path=/login user=anonymous duration=0.025s status=404
2025-05-29 18:45:58,230 [INFO] HTTP Request: POST http://testserver/login "HTTP/1.1 404 Not Found"
2025-05-29 18:45:58,643 [ERROR] Contraseña incorrecta
2025-05-29 18:45:58,643 [WARNING] HTTP error: Password incorrect - Path: http://testserver/login
2025-05-29 18:45:58,644 [INFO] method=POST path=/login user=anonymous duration=0.192s status=400
2025-05-29 18:45:58,645 [INFO] HTTP Request: POST http://testserver/login "HTTP/1.1 400 Bad Request"
2025-05-29 18:45:58,647 [ERROR] Error al iniciar sesion {e}
2025-05-29 18:45:58,652 [ERROR] Token invalido
2025-05-29 18:45:58,654 [ERROR] No es un token de acceso
2025-05-29 18:45:58,656 [ERROR] No se encontro el user unknown_user
2025-05-29 18:45:58,658 [ERROR] No tiene expiracion
2025-05-29 18:45:58,661 [ERROR] Token expirado
2025-05-29 18:45:58,662 [ERROR] No es un token de acceso
2025-05-29 18:45:59,063 [INFO] method=POST path=/login user=anonymous duration=0.203s status=200
2025-05-29 18:45:59,064 [INFO] HTTP Request: POST http://testserver/login "HTTP/1.1 200 OK"
2025-05-29 18:45:59,075 [INFO] User 1 cerró 1 sesiones
2025-05-29 18:45:59,075 [INFO] method=POST path=/logout user=anonymous duration=0.009s status=200
2025-05-29 18:45:59,077 [INFO] HTTP Request: POST http://testserver/logout "HTTP/1.1 200 OK"
2025-05-29 18:45:59,080 [ERROR] User <Mock name='mock.user_id' id='128427897323344'> no tenia sesiones activas
2025-05-29 18:45:59,080 [ERROR] Error al cerrar sesion: Error en la base de datos
2025-05-29 18:45:59,484 [INFO] method=POST path=/login user=anonymous duration=0.207s status=200
2025-05-29 18:45:59,485 [INFO] HTTP Request: POST http://testserver/login "HTTP/1.1 200 OK"
2025-05-29 18:45:59,686 [INFO] method=POST path=/login user=anonymous duration=0.199s status=200
2025-05-29 18:45:59,687 [INFO] HTTP Request: POST http://testserver/login "HTTP/1.1 200 OK"
2025-05-29 18:45:59,694 [ERROR] No se encontró sesión activa para jti=e4cf040f-7c33-4eb3-aafa-bc4df2be396c
2025-05-29 18:45:59,698 [ERROR] Scope inválido: invalid_scope
2025-05-29 18:45:59,702 [ERROR] Token expirado
2025-05-29 18:45:59,706 [ERROR] Usuario con ID 123 no encontrado
2025-05-29 18:45:59,708 [ERROR] Token invalido durante refresh: Error message: Invalid JWT
2025-05-29 18:45:59,712 [ERROR] Error al renovar el token {e}
2025-05-29 18:45:59,718 [INFO] method=GET path=/expired user=anonymous duration=0.003s status=200
2025-05-29 18:45:59,720 [INFO] HTTP Request: GET http://testserver/expired "HTTP/1.1 200 OK"
2025-05-29 18:46:00,171 [INFO] method=POST path=/login user=anonymous duration=0.199s status=200
2025-05-29 18:46:00,173 [INFO] HTTP Request: POST http://testserver/login "HTTP/1.1 200 OK"
2025-05-29 18:46:00,583 [INFO] [create_group] Redis Cache Delete - Key: groups:limit:*:offset:*
2025-05-29 18:46:00,583 [INFO] [create_group] Group Create Success
2025-05-29 18:46:00,583 [INFO] method=POST path=/group user=anonymous duration=0.017s status=200
2025-05-29 18:46:00,583 [INFO] HTTP Request: POST http://testserver/group "HTTP/1.1 200 OK"
2025-05-29 18:46:00,596 [INFO] Published message to user:2: {"type":"notification","payload":{"notification_type":"append_to_group","message":"Has sido agregado a group 1","related_entity_id":null,"timestamp":"2025-05-29T18:46:00.595391"}}
2025-05-29 18:46:00,597 [INFO] [append_user_group] Redis Cache Delete - Key: groups:user_id:1:limit:*:offset:*
2025-05-29 18:46:00,597 [INFO] [append_user_group] User 2 Append to Group 1 Success
2025-05-29 18:46:00,597 [INFO] method=POST path=/group/1/2 user=anonymous duration=0.013s status=200
2025-05-29 18:46:00,597 [INFO] HTTP Request: POST http://testserver/group/1/2 "HTTP/1.1 200 OK"
2025-05-29 18:46:00,613 [INFO] method=POST path=/project/1 user=anonymous duration=0.015s status=200
2025-05-29 18:46:00,613 [INFO] HTTP Request: POST http://testserver/project/1 "HTTP/1.1 200 OK"
2025-05-29 18:46:00,620 [INFO] method=GET path=/project/1/1/users user=anonymous duration=0.006s status=200
2025-05-29 18:46:00,620 [INFO] HTTP Request: GET http://testserver/project/1/1/users "HTTP/1.1 200 OK"
2025-05-29 18:46:00,632 [INFO] Published message to user:2: {"type":"notification","payload":{"notification_type":"add_user_to_project","message":"Fuiste agregagdo al project 1","related_entity_id":null,"timestamp":"2025-05-29T18:46:00.631885"}}
2025-05-29 18:46:00,633 [INFO] method=POST path=/project/1/1/2 user=anonymous duration=0.013s status=200
2025-05-29 18:46:00,634 [INFO] HTTP Request: POST http://testserver/project/1/1/2 "HTTP/1.1 200 OK"
2025-05-29 18:46:00,647 [INFO] Published message to user:1: {"type":"notification","payload":{"notification_type":"assigned_task","message":"Ya no estas asignado a task 1 en project 1","related_entity_id":null,"timestamp":"2025-05-29T18:46:00.647364"}}
2025-05-29 18:46:00,651 [INFO] method=POST path=/task/1 user=anonymous duration=0.016s status=200
2025-05-29 18:46:00,651 [INFO] HTTP Request: POST http://testserver/task/1 "HTTP/1.1 200 OK"
2025-05-29 18:46:00,666 [INFO] Published message to user:1: {"type":"notification","payload":{"notification_type":"task_mention","message":"User 1 mentionated on comments in Task 1: @mirko esto es un comentario","related_entity_id":null,"timestamp":"2025-05-29T18:46:00.665764"}}
2025-05-29 18:46:00,666 [INFO] Notificacion enviada a User: mirko con ID 1
2025-05-29 18:46:00,666 [INFO] Notificacion enviada: notification_type='task_mention' message='User 1 mentionated on comments in Task 1: @mirko esto es un comentario' related_entity_id=None
2025-05-29 18:46:00,666 [INFO] method=POST path=/task/1/comments user=anonymous duration=0.015s status=200
2025-05-29 18:46:00,667 [INFO] HTTP Request: POST http://testserver/task/1/comments "HTTP/1.1 200 OK"
2025-05-29 18:46:00,674 [INFO] method=POST path=/task/1/comments user=anonymous duration=0.007s status=200
2025-05-29 18:46:00,675 [INFO] HTTP Request: POST http://testserver/task/1/comments "HTTP/1.1 200 OK"
2025-05-29 18:46:01,073 [INFO] method=POST path=/login user=anonymous duration=0.200s status=200
2025-05-29 18:46:01,074 [INFO] HTTP Request: POST http://testserver/login "HTTP/1.1 200 OK"
2025-05-29 18:46:01,081 [INFO] method=GET path=/task/1/comments user=anonymous duration=0.006s status=200
2025-05-29 18:46:01,083 [INFO] HTTP Request: GET http://testserver/task/1/comments "HTTP/1.1 200 OK"
2025-05-29 18:46:01,481 [INFO] method=POST path=/login user=anonymous duration=0.200s status=200
2025-05-29 18:46:01,483 [INFO] HTTP Request: POST http://testserver/login "HTTP/1.1 200 OK"
2025-05-29 18:46:01,494 [INFO] method=PATCH path=/task/1/comments/1 user=anonymous duration=0.010s status=200
2025-05-29 18:46:01,496 [INFO] HTTP Request: PATCH http://testserver/task/1/comments/1 "HTTP/1.1 200 OK"
2025-05-29 18:46:01,893 [INFO] method=POST path=/login user=anonymous duration=0.199s status=200
2025-05-29 18:46:01,894 [INFO] HTTP Request: POST http://testserver/login "HTTP/1.1 200 OK"
2025-05-29 18:46:01,904 [INFO] method=DELETE path=/task/1/comments/2 user=anonymous duration=0.008s status=200
2025-05-29 18:46:01,905 [INFO] HTTP Request: DELETE http://testserver/task/1/comments/2 "HTTP/1.1 200 OK"
2025-05-29 18:46:02,301 [INFO] method=POST path=/login user=anonymous duration=0.198s status=200
2025-05-29 18:46:02,302 [INFO] HTTP Request: POST http://testserver/login "HTTP/1.1 200 OK"
2025-05-29 18:46:02,308 [INFO] method=GET path=/task/1/comments/all user=anonymous duration=0.004s status=200
2025-05-29 18:46:02,309 [INFO] HTTP Request: GET http://testserver/task/1/comments/all "HTTP/1.1 200 OK"
2025-05-29 18:46:02,312 [ERROR] Comments not found in Task 1
2025-05-29 18:46:02,312 [ERROR] Internal error: Error en base de datos
2025-05-29 18:46:02,314 [ERROR] Comments not found in Task 1
2025-05-29 18:46:02,315 [ERROR] Internal error: {e}
2025-05-29 18:46:02,318 [ERROR] Error interno: {e}
2025-05-29 18:46:02,323 [ERROR] Comentario no encontrado en 1
2025-05-29 18:46:02,323 [ERROR] User <Mock name='mock.user_id' id='128427887927200'> no autorizado
2025-05-29 18:46:02,324 [ERROR] Error interno: {e}
2025-05-29 18:46:02,327 [ERROR] Comment not found in Task 1
2025-05-29 18:46:02,327 [ERROR] User 2 not authorized
2025-05-29 18:46:02,327 [ERROR] Internal error: {e}
2025-05-29 18:46:02,782 [INFO] method=POST path=/login user=anonymous duration=0.199s status=200
2025-05-29 18:46:02,784 [INFO] HTTP Request: POST http://testserver/login "HTTP/1.1 200 OK"
2025-05-29 18:46:02,990 [INFO] [create_group] Redis Cache Delete - Key: groups:limit:*:offset:*
2025-05-29 18:46:02,990 [INFO] [create_group] Group Create Success
2025-05-29 18:46:02,990 [INFO] method=POST path=/group user=anonymous duration=0.009s status=200
2025-05-29 18:46:02,990 [INFO] HTTP Request: POST http://testserver/group "HTTP/1.1 200 OK"
2025-05-29 18:46:02,999 [INFO] [create_group] Redis Cache Delete - Key: groups:limit:*:offset:*
2025-05-29 18:46:02,999 [INFO] [create_group] Group Create Success
2025-05-29 18:46:03,000 [INFO] method=POST path=/group user=anonymous duration=0.009s status=200
2025-05-29 18:46:03,000 [INFO] HTTP Request: POST http://testserver/group "HTTP/1.1 200 OK"
2025-05-29 18:46:03,396 [INFO] method=POST path=/login user=anonymous duration=0.199s status=200
2025-05-29 18:46:03,397 [INFO] HTTP Request: POST http://testserver/login "HTTP/1.1 200 OK"
2025-05-29 18:46:03,404 [INFO] [get_groups] Cache SET - Key: groups:limit:10:offset:0
2025-05-29 18:46:03,404 [INFO] method=GET path=/group user=anonymous duration=0.006s status=200
2025-05-29 18:46:03,404 [INFO] HTTP Request: GET http://testserver/group "HTTP/1.1 200 OK"
2025-05-29 18:46:03,406 [INFO] [get_groups] Cache HIT - Key: groups:limit:10:offset:0
2025-05-29 18:46:03,406 [INFO] method=GET path=/group user=anonymous duration=0.001s status=200
2025-05-29 18:46:03,406 [INFO] HTTP Request: GET http://testserver/group "HTTP/1.1 200 OK"
2025-05-29 18:46:03,413 [ERROR] [get_groups] Database Error:  Error en base de datos
2025-05-29 18:46:03,811 [INFO] method=POST path=/login user=anonymous duration=0.200s status=200
2025-05-29 18:46:03,812 [INFO] HTTP Request: POST http://testserver/login "HTTP/1.1 200 OK"
2025-05-29 18:46:03,818 [INFO] [get_groups_in_user] Redis Cache Set - Key: groups:user_id:1:limit:10:offset:0
2025-05-29 18:46:03,818 [INFO] method=GET path=/group/me user=anonymous duration=0.006s status=200
2025-05-29 18:46:03,818 [INFO] HTTP Request: GET http://testserver/group/me "HTTP/1.1 200 OK"
2025-05-29 18:46:03,821 [INFO] [get_groups_in_user] Cache Hit - Key: groups:user_id:1:limit:10:offset:0
2025-05-29 18:46:03,821 [INFO] method=GET path=/group/me user=anonymous duration=0.002s status=200
2025-05-29 18:46:03,821 [INFO] HTTP Request: GET http://testserver/group/me "HTTP/1.1 200 OK"
2025-05-29 18:46:04,219 [INFO] method=POST path=/login user=anonymous duration=0.199s status=200
2025-05-29 18:46:04,220 [INFO] HTTP Request: POST http://testserver/login "HTTP/1.1 200 OK"
2025-05-29 18:46:04,230 [INFO] Published message to user:2: {"type":"notification","payload":{"notification_type":"append_to_group","message":"Has sido agregado a group 1","related_entity_id":null,"timestamp":"2025-05-29T18:46:04.230302"}}
2025-05-29 18:46:04,232 [INFO] [append_user_group] Redis Cache Delete - Key: groups:user_id:1:limit:*:offset:*
2025-05-29 18:46:04,232 [INFO] [append_user_group] User 2 Append to Group 1 Success
2025-05-29 18:46:04,232 [INFO] method=POST path=/group/1/2 user=anonymous duration=0.010s status=200
2025-05-29 18:46:04,232 [INFO] HTTP Request: POST http://testserver/group/1/2 "HTTP/1.1 200 OK"
2025-05-29 18:46:04,630 [INFO] method=POST path=/login user=anonymous duration=0.200s status=200
2025-05-29 18:46:04,632 [INFO] HTTP Request: POST http://testserver/login "HTTP/1.1 200 OK"
2025-05-29 18:46:04,637 [ERROR] User 100000 no encontrado
2025-05-29 18:46:04,637 [ERROR] [append_user_group] Unexpected Error:  404: User with user_id 100000 not found
2025-05-29 18:46:04,637 [WARNING] HTTP error: User with user_id 100000 not found - Path: http://testserver/group/1/100000
2025-05-29 18:46:04,637 [INFO] method=POST path=/group/1/100000 user=anonymous duration=0.005s status=404
2025-05-29 18:46:04,638 [INFO] HTTP Request: POST http://testserver/group/1/100000 "HTTP/1.1 404 Not Found"
2025-05-29 18:46:05,036 [INFO] method=POST path=/login user=anonymous duration=0.200s status=200
2025-05-29 18:46:05,038 [INFO] HTTP Request: POST http://testserver/login "HTTP/1.1 200 OK"
2025-05-29 18:46:05,044 [ERROR] [append_user_group] User 2 Append to Group 1 Error
2025-05-29 18:46:05,044 [ERROR] [append_user_group] Unexpected Error:  400: User with user_id 2 is in Group with group_id 1
2025-05-29 18:46:05,044 [WARNING] HTTP error: User with user_id 2 is in Group with group_id 1 - Path: http://testserver/group/1/2
2025-05-29 18:46:05,044 [INFO] method=POST path=/group/1/2 user=anonymous duration=0.006s status=400
2025-05-29 18:46:05,045 [INFO] HTTP Request: POST http://testserver/group/1/2 "HTTP/1.1 400 Bad Request"
2025-05-29 18:46:05,444 [INFO] method=POST path=/login user=anonymous duration=0.201s status=200
2025-05-29 18:46:05,446 [INFO] HTTP Request: POST http://testserver/login "HTTP/1.1 200 OK"
2025-05-29 18:46:05,456 [INFO] Published message to user:2: {"type":"notification","payload":{"notification_type":"append_to_group","message":"Has sido agregado a group 2","related_entity_id":null,"timestamp":"2025-05-29T18:46:05.455644"}}
2025-05-29 18:46:05,457 [INFO] [append_user_group] Redis Cache Delete - Key: groups:user_id:1:limit:*:offset:*
2025-05-29 18:46:05,457 [INFO] [append_user_group] User 2 Append to Group 2 Success
2025-05-29 18:46:05,457 [INFO] method=POST path=/group/2/2 user=anonymous duration=0.010s status=200
2025-05-29 18:46:05,457 [INFO] HTTP Request: POST http://testserver/group/2/2 "HTTP/1.1 200 OK"
2025-05-29 18:46:05,855 [INFO] method=POST path=/login user=anonymous duration=0.200s status=200
2025-05-29 18:46:05,856 [INFO] HTTP Request: POST http://testserver/login "HTTP/1.1 200 OK"
2025-05-29 18:46:05,862 [INFO] method=GET path=/group/1/users user=anonymous duration=0.005s status=200
2025-05-29 18:46:05,863 [INFO] HTTP Request: GET http://testserver/group/1/users "HTTP/1.1 200 OK"
2025-05-29 18:46:05,865 [INFO] Redis Cache: groups:users:group_id:1:limit:10:offset:0
2025-05-29 18:46:05,865 [INFO] method=GET path=/group/1/users user=anonymous duration=0.002s status=200
2025-05-29 18:46:05,865 [INFO] HTTP Request: GET http://testserver/group/1/users "HTTP/1.1 200 OK"
2025-05-29 18:46:06,264 [INFO] method=POST path=/login user=anonymous duration=0.200s status=200
2025-05-29 18:46:06,266 [INFO] HTTP Request: POST http://testserver/login "HTTP/1.1 200 OK"
2025-05-29 18:46:06,275 [INFO] [update_group] Redis Cache Delete - Key: groups:limit:*:offset:*
2025-05-29 18:46:06,276 [INFO] [update_group] Group Create Success
2025-05-29 18:46:06,276 [INFO] method=PATCH path=/group/1 user=anonymous duration=0.009s status=200
2025-05-29 18:46:06,276 [INFO] HTTP Request: PATCH http://testserver/group/1 "HTTP/1.1 200 OK"
2025-05-29 18:46:06,675 [INFO] method=POST path=/login user=anonymous duration=0.200s status=200
2025-05-29 18:46:06,676 [INFO] HTTP Request: POST http://testserver/login "HTTP/1.1 200 OK"
2025-05-29 18:46:06,680 [WARNING] HTTP error: User with user_id 2 is Not Authorized - Path: http://testserver/group/1
2025-05-29 18:46:06,681 [INFO] method=PATCH path=/group/1 user=anonymous duration=0.004s status=401
2025-05-29 18:46:06,681 [INFO] HTTP Request: PATCH http://testserver/group/1 "HTTP/1.1 401 Unauthorized"
2025-05-29 18:46:07,079 [INFO] method=POST path=/login user=anonymous duration=0.200s status=200
2025-05-29 18:46:07,080 [INFO] HTTP Request: POST http://testserver/login "HTTP/1.1 200 OK"
2025-05-29 18:46:07,092 [INFO] Published message to user:2: {"type":"notification","payload":{"notification_type":"update_role_to_group","message":"Tu rol en group 1 fue actualizado a: admin","related_entity_id":null,"timestamp":"2025-05-29T18:46:07.092146"}}
2025-05-29 18:46:07,093 [INFO] method=PATCH path=/group/1/2 user=anonymous duration=0.012s status=200
2025-05-29 18:46:07,094 [INFO] HTTP Request: PATCH http://testserver/group/1/2 "HTTP/1.1 200 OK"
2025-05-29 18:46:07,491 [INFO] method=POST path=/login user=anonymous duration=0.198s status=200
2025-05-29 18:46:07,492 [INFO] HTTP Request: POST http://testserver/login "HTTP/1.1 200 OK"
2025-05-29 18:46:07,502 [INFO] Published message to user:2: {"type":"notification","payload":{"notification_type":"update_role_to_group","message":"Tu rol en group 1 fue actualizado a: editor","related_entity_id":null,"timestamp":"2025-05-29T18:46:07.502128"}}
2025-05-29 18:46:07,504 [INFO] method=PATCH path=/group/1/2 user=anonymous duration=0.009s status=200
2025-05-29 18:46:07,504 [INFO] HTTP Request: PATCH http://testserver/group/1/2 "HTTP/1.1 200 OK"
2025-05-29 18:46:07,904 [INFO] method=POST path=/login user=anonymous duration=0.200s status=200
2025-05-29 18:46:07,905 [INFO] HTTP Request: POST http://testserver/login "HTTP/1.1 200 OK"
2025-05-29 18:46:07,911 [ERROR] No se encontro el user 3 en el grupo 1
2025-05-29 18:46:07,911 [ERROR] [update_user_group] Unexpected Error:  400: User with user_id 3 is not in Group with group_id 1
2025-05-29 18:46:07,911 [WARNING] HTTP error: User with user_id 3 is not in Group with group_id 1 - Path: http://testserver/group/1/3
2025-05-29 18:46:07,912 [INFO] method=PATCH path=/group/1/3 user=anonymous duration=0.006s status=400
2025-05-29 18:46:07,912 [INFO] HTTP Request: PATCH http://testserver/group/1/3 "HTTP/1.1 400 Bad Request"
2025-05-29 18:46:08,310 [INFO] method=POST path=/login user=anonymous duration=0.200s status=200
2025-05-29 18:46:08,312 [INFO] HTTP Request: POST http://testserver/login "HTTP/1.1 200 OK"
2025-05-29 18:46:08,322 [INFO] Published message to user:2: {"type":"notification","payload":{"notification_type":"remove_user_to_group","message":"Fuiste removido del group 1","related_entity_id":null,"timestamp":"2025-05-29T18:46:08.321523"}}
2025-05-29 18:46:08,323 [INFO] User 2 eliminado del Group 1 por 1
2025-05-29 18:46:08,323 [INFO] method=DELETE path=/group/1/2 user=anonymous duration=0.011s status=200
2025-05-29 18:46:08,323 [INFO] HTTP Request: DELETE http://testserver/group/1/2 "HTTP/1.1 200 OK"
2025-05-29 18:46:08,720 [INFO] method=POST path=/login user=anonymous duration=0.199s status=200
2025-05-29 18:46:08,722 [INFO] HTTP Request: POST http://testserver/login "HTTP/1.1 200 OK"
2025-05-29 18:46:08,727 [ERROR] El user 2 no se encontro en el grupo 1
2025-05-29 18:46:08,727 [ERROR] [delete_user_group] Unexpected Error:  404: User with user_id 2 not found
2025-05-29 18:46:08,727 [WARNING] HTTP error: User with user_id 2 not found - Path: http://testserver/group/1/2
2025-05-29 18:46:08,727 [INFO] method=DELETE path=/group/1/2 user=anonymous duration=0.005s status=404
2025-05-29 18:46:08,728 [INFO] HTTP Request: DELETE http://testserver/group/1/2 "HTTP/1.1 404 Not Found"
2025-05-29 18:46:09,123 [INFO] method=POST path=/login user=anonymous duration=0.200s status=200
2025-05-29 18:46:09,124 [INFO] HTTP Request: POST http://testserver/login "HTTP/1.1 200 OK"
2025-05-29 18:46:09,133 [INFO] [delete_group] Redis Cache Delete - Key: groups:limit:*:offset:*
2025-05-29 18:46:09,133 [INFO] method=DELETE path=/group/1 user=anonymous duration=0.008s status=200
2025-05-29 18:46:09,133 [INFO] HTTP Request: DELETE http://testserver/group/1 "HTTP/1.1 200 OK"
2025-05-29 18:46:09,529 [INFO] method=POST path=/login user=anonymous duration=0.198s status=200
2025-05-29 18:46:09,531 [INFO] HTTP Request: POST http://testserver/login "HTTP/1.1 200 OK"
2025-05-29 18:46:09,534 [WARNING] HTTP error: Group with group_id 100000 not found - Path: http://testserver/group/100000
2025-05-29 18:46:09,535 [INFO] method=DELETE path=/group/100000 user=anonymous duration=0.003s status=404
2025-05-29 18:46:09,535 [INFO] HTTP Request: DELETE http://testserver/group/100000 "HTTP/1.1 404 Not Found"
2025-05-29 18:46:09,537 [ERROR] [create_group] Database Error:  Error en base de datos
2025-05-29 18:46:09,539 [ERROR] [update_group] Database Error:  Error en base de datos
2025-05-29 18:46:09,542 [ERROR] [delete_group] Database Error:  Error en base de datos
2025-05-29 18:46:09,544 [ERROR] [get_groups_in_user] Database Error:  Error en base de datos
2025-05-29 18:46:09,548 [ERROR] [append_user_group] Database Error:  Error en base de datos
2025-05-29 18:46:09,552 [ERROR] [delete_user_group] Database Error:  Error en base de datos
2025-05-29 18:46:09,555 [ERROR] [delete_user_group] Unexpected Error:  401: User with user_id <Mock name='mock.user_id' id='128427887921296'> is Not Authorized
2025-05-29 18:46:09,558 [ERROR] [update_user_group] Database Error:  Error en base de datos
2025-05-29 18:46:09,563 [INFO] Redis Cache: groups:users:group_id:1:limit:10:offset:0
2025-05-29 18:46:10,143 [INFO] method=POST path=/login user=anonymous duration=0.199s status=200
2025-05-29 18:46:10,144 [INFO] HTTP Request: POST http://testserver/login "HTTP/1.1 200 OK"
2025-05-29 18:46:10,349 [INFO] [create_group] Redis Cache Delete - Key: groups:limit:*:offset:*
2025-05-29 18:46:10,349 [INFO] [create_group] Group Create Success
2025-05-29 18:46:10,349 [INFO] method=POST path=/group user=anonymous duration=0.009s status=200
2025-05-29 18:46:10,349 [INFO] HTTP Request: POST http://testserver/group "HTTP/1.1 200 OK"
2025-05-29 18:46:10,357 [INFO] Published message to user:2: {"type":"notification","payload":{"notification_type":"append_to_group","message":"Has sido agregado a group 1","related_entity_id":null,"timestamp":"2025-05-29T18:46:10.357233"}}
2025-05-29 18:46:10,358 [INFO] [append_user_group] Redis Cache Delete - Key: groups:user_id:1:limit:*:offset:*
2025-05-29 18:46:10,358 [INFO] [append_user_group] User 2 Append to Group 1 Success
2025-05-29 18:46:10,359 [INFO] method=POST path=/group/1/2 user=anonymous duration=0.009s status=200
2025-05-29 18:46:10,359 [INFO] HTTP Request: POST http://testserver/group/1/2 "HTTP/1.1 200 OK"
2025-05-29 18:46:10,368 [INFO] method=GET path=/project/1 user=anonymous duration=0.008s status=200
2025-05-29 18:46:10,368 [INFO] HTTP Request: GET http://testserver/project/1 "HTTP/1.1 200 OK"
2025-05-29 18:46:10,373 [INFO] Redis Cache: projects:group_id:1:limit:10:offset:0
2025-05-29 18:46:10,373 [INFO] method=GET path=/project/1 user=anonymous duration=0.005s status=200
2025-05-29 18:46:10,374 [INFO] HTTP Request: GET http://testserver/project/1 "HTTP/1.1 200 OK"
2025-05-29 18:46:10,770 [INFO] method=POST path=/login user=anonymous duration=0.200s status=200
2025-05-29 18:46:10,772 [INFO] HTTP Request: POST http://testserver/login "HTTP/1.1 200 OK"
2025-05-29 18:46:10,777 [INFO] method=GET path=/project/me user=anonymous duration=0.005s status=200
2025-05-29 18:46:10,778 [INFO] HTTP Request: GET http://testserver/project/me "HTTP/1.1 200 OK"
2025-05-29 18:46:10,780 [INFO] Redis Cache: project:user:user_id:1:limit:10:offset:0
2025-05-29 18:46:10,780 [INFO] method=GET path=/project/me user=anonymous duration=0.002s status=200
2025-05-29 18:46:10,781 [INFO] HTTP Request: GET http://testserver/project/me "HTTP/1.1 200 OK"
2025-05-29 18:46:11,178 [INFO] method=POST path=/login user=anonymous duration=0.200s status=200
2025-05-29 18:46:11,179 [INFO] HTTP Request: POST http://testserver/login "HTTP/1.1 200 OK"
2025-05-29 18:46:11,386 [INFO] [create_group] Redis Cache Delete - Key: groups:limit:*:offset:*
2025-05-29 18:46:11,386 [INFO] [create_group] Group Create Success
2025-05-29 18:46:11,387 [INFO] method=POST path=/group user=anonymous duration=0.010s status=200
2025-05-29 18:46:11,387 [INFO] HTTP Request: POST http://testserver/group "HTTP/1.1 200 OK"
2025-05-29 18:46:11,392 [ERROR] [append_user_group] User 2 Append to Group 1 Error
2025-05-29 18:46:11,392 [ERROR] [append_user_group] Unexpected Error:  400: User with user_id 2 is in Group with group_id 1
2025-05-29 18:46:11,392 [WARNING] HTTP error: User with user_id 2 is in Group with group_id 1 - Path: http://testserver/group/1/2
2025-05-29 18:46:11,392 [INFO] method=POST path=/group/1/2 user=anonymous duration=0.005s status=400
2025-05-29 18:46:11,393 [INFO] HTTP Request: POST http://testserver/group/1/2 "HTTP/1.1 400 Bad Request"
2025-05-29 18:46:11,407 [INFO] method=POST path=/project/1 user=anonymous duration=0.013s status=200
2025-05-29 18:46:11,407 [INFO] HTTP Request: POST http://testserver/project/1 "HTTP/1.1 200 OK"
2025-05-29 18:46:11,804 [INFO] method=POST path=/login user=anonymous duration=0.199s status=200
2025-05-29 18:46:11,806 [INFO] HTTP Request: POST http://testserver/login "HTTP/1.1 200 OK"
2025-05-29 18:46:12,019 [INFO] [create_group] Redis Cache Delete - Key: groups:limit:*:offset:*
2025-05-29 18:46:12,019 [INFO] [create_group] Group Create Success
2025-05-29 18:46:12,019 [INFO] method=POST path=/group user=anonymous duration=0.012s status=200
2025-05-29 18:46:12,020 [INFO] HTTP Request: POST http://testserver/group "HTTP/1.1 200 OK"
2025-05-29 18:46:12,026 [ERROR] [append_user_group] User 2 Append to Group 1 Error
2025-05-29 18:46:12,026 [ERROR] [append_user_group] Unexpected Error:  400: User with user_id 2 is in Group with group_id 1
2025-05-29 18:46:12,026 [WARNING] HTTP error: User with user_id 2 is in Group with group_id 1 - Path: http://testserver/group/1/2
2025-05-29 18:46:12,027 [INFO] method=POST path=/group/1/2 user=anonymous duration=0.007s status=400
2025-05-29 18:46:12,027 [INFO] HTTP Request: POST http://testserver/group/1/2 "HTTP/1.1 400 Bad Request"
2025-05-29 18:46:12,040 [INFO] method=POST path=/project/1 user=anonymous duration=0.012s status=200
2025-05-29 18:46:12,041 [INFO] HTTP Request: POST http://testserver/project/1 "HTTP/1.1 200 OK"
2025-05-29 18:46:12,441 [INFO] method=POST path=/login user=anonymous duration=0.202s status=200
2025-05-29 18:46:12,443 [INFO] HTTP Request: POST http://testserver/login "HTTP/1.1 200 OK"
2025-05-29 18:46:12,454 [INFO] method=PATCH path=/project/1/1 user=anonymous duration=0.010s status=200
2025-05-29 18:46:12,455 [INFO] HTTP Request: PATCH http://testserver/project/1/1 "HTTP/1.1 200 OK"
2025-05-29 18:46:12,867 [INFO] method=POST path=/login user=anonymous duration=0.211s status=200
2025-05-29 18:46:12,869 [INFO] HTTP Request: POST http://testserver/login "HTTP/1.1 200 OK"
2025-05-29 18:46:12,879 [INFO] Published message to user:2: {"type":"notification","payload":{"notification_type":"add_user_to_project","message":"Fuiste agregagdo al project 1","related_entity_id":null,"timestamp":"2025-05-29T18:46:12.878711"}}
2025-05-29 18:46:12,880 [INFO] method=POST path=/project/1/1/2 user=anonymous duration=0.011s status=200
2025-05-29 18:46:12,881 [INFO] HTTP Request: POST http://testserver/project/1/1/2 "HTTP/1.1 200 OK"
2025-05-29 18:46:13,281 [INFO] method=POST path=/login user=anonymous duration=0.202s status=200
2025-05-29 18:46:13,283 [INFO] HTTP Request: POST http://testserver/login "HTTP/1.1 200 OK"
2025-05-29 18:46:13,296 [ERROR] El user 2 ya existe en el proyecto 1
2025-05-29 18:46:13,296 [WARNING] HTTP error: User with user_id 2 is in project with project_id 1 - Path: http://testserver/project/1/1/2
2025-05-29 18:46:13,297 [INFO] method=POST path=/project/1/1/2 user=anonymous duration=0.012s status=400
2025-05-29 18:46:13,297 [INFO] HTTP Request: POST http://testserver/project/1/1/2 "HTTP/1.1 400 Bad Request"
2025-05-29 18:46:13,712 [INFO] method=POST path=/login user=anonymous duration=0.203s status=200
2025-05-29 18:46:13,713 [INFO] HTTP Request: POST http://testserver/login "HTTP/1.1 200 OK"
2025-05-29 18:46:13,719 [ERROR] El user 3 no existe en el grupo 1
2025-05-29 18:46:13,719 [WARNING] HTTP error: User with user_id 3 is not in Group with group_id 1 - Path: http://testserver/project/1/1/3
2025-05-29 18:46:13,719 [INFO] method=POST path=/project/1/1/3 user=anonymous duration=0.005s status=400
2025-05-29 18:46:13,719 [INFO] HTTP Request: POST http://testserver/project/1/1/3 "HTTP/1.1 400 Bad Request"
2025-05-29 18:46:14,120 [INFO] method=POST path=/login user=anonymous duration=0.201s status=200
2025-05-29 18:46:14,122 [INFO] HTTP Request: POST http://testserver/login "HTTP/1.1 200 OK"
2025-05-29 18:46:14,127 [ERROR] User 100 no encontrado
2025-05-29 18:46:14,128 [WARNING] HTTP error: User with user_id 100 not found - Path: http://testserver/project/1/1/100
2025-05-29 18:46:14,128 [INFO] method=POST path=/project/1/1/100 user=anonymous duration=0.005s status=404
2025-05-29 18:46:14,128 [INFO] HTTP Request: POST http://testserver/project/1/1/100 "HTTP/1.1 404 Not Found"
2025-05-29 18:46:14,525 [INFO] method=POST path=/login user=anonymous duration=0.199s status=200
2025-05-29 18:46:14,526 [INFO] HTTP Request: POST http://testserver/login "HTTP/1.1 200 OK"
2025-05-29 18:46:14,531 [INFO] method=GET path=/project/1/1/users user=anonymous duration=0.004s status=200
2025-05-29 18:46:14,532 [INFO] HTTP Request: GET http://testserver/project/1/1/users "HTTP/1.1 200 OK"
2025-05-29 18:46:14,936 [INFO] method=POST path=/login user=anonymous duration=0.201s status=200
2025-05-29 18:46:14,937 [INFO] HTTP Request: POST http://testserver/login "HTTP/1.1 200 OK"
2025-05-29 18:46:14,949 [INFO] Published message to user:2: {"type":"notification","payload":{"notification_type":"permission_update","message":"Tus permisos en project 1 fue actualizado a read","related_entity_id":null,"timestamp":"2025-05-29T18:46:14.948635"}}
2025-05-29 18:46:14,949 [INFO] method=PATCH path=/project/1/1/2 user=anonymous duration=0.011s status=200
2025-05-29 18:46:14,950 [INFO] HTTP Request: PATCH http://testserver/project/1/1/2 "HTTP/1.1 200 OK"
2025-05-29 18:46:15,360 [INFO] method=POST path=/login user=anonymous duration=0.205s status=200
2025-05-29 18:46:15,361 [INFO] HTTP Request: POST http://testserver/login "HTTP/1.1 200 OK"
2025-05-29 18:46:15,367 [ERROR] El user 100000 no existe en el proyecto 1
2025-05-29 18:46:15,367 [WARNING] HTTP error: User with user_id 100000 is not in project with project_id 1 - Path: http://testserver/project/1/1/100000
2025-05-29 18:46:15,367 [INFO] method=PATCH path=/project/1/1/100000 user=anonymous duration=0.005s status=400
2025-05-29 18:46:15,368 [INFO] HTTP Request: PATCH http://testserver/project/1/1/100000 "HTTP/1.1 400 Bad Request"
2025-05-29 18:46:15,765 [INFO] method=POST path=/login user=anonymous duration=0.199s status=200
2025-05-29 18:46:15,766 [INFO] HTTP Request: POST http://testserver/login "HTTP/1.1 200 OK"
2025-05-29 18:46:15,771 [WARNING] HTTP error: User with user_id 2 is Not Authorized - Path: http://testserver/project/1/1
2025-05-29 18:46:15,771 [INFO] method=PATCH path=/project/1/1 user=anonymous duration=0.004s status=401
2025-05-29 18:46:15,771 [INFO] HTTP Request: PATCH http://testserver/project/1/1 "HTTP/1.1 401 Unauthorized"
2025-05-29 18:46:15,775 [ERROR] Error al actualizar el proyecto 1 en el grupo 1: Error en base de datos
2025-05-29 18:46:16,174 [INFO] method=POST path=/login user=anonymous duration=0.200s status=200
2025-05-29 18:46:16,176 [INFO] HTTP Request: POST http://testserver/login "HTTP/1.1 200 OK"
2025-05-29 18:46:16,180 [WARNING] HTTP error: User with user_id 2 is Not Authorized - Path: http://testserver/project/1/1
2025-05-29 18:46:16,181 [INFO] method=DELETE path=/project/1/1 user=anonymous duration=0.004s status=401
2025-05-29 18:46:16,181 [INFO] HTTP Request: DELETE http://testserver/project/1/1 "HTTP/1.1 401 Unauthorized"
2025-05-29 18:46:16,593 [INFO] method=POST path=/login user=anonymous duration=0.200s status=200
2025-05-29 18:46:16,595 [INFO] HTTP Request: POST http://testserver/login "HTTP/1.1 200 OK"
2025-05-29 18:46:16,604 [INFO] Published message to user:2: {"type":"notification","payload":{"notification_type":"delete_user_from_project","message":"Fuiste eliminado del project 1","related_entity_id":null,"timestamp":"2025-05-29T18:46:16.604395"}}
2025-05-29 18:46:16,605 [INFO] method=DELETE path=/project/1/1/2 user=anonymous duration=0.009s status=200
2025-05-29 18:46:16,606 [INFO] HTTP Request: DELETE http://testserver/project/1/1/2 "HTTP/1.1 200 OK"
2025-05-29 18:46:17,005 [INFO] method=POST path=/login user=anonymous duration=0.199s status=200
2025-05-29 18:46:17,006 [INFO] HTTP Request: POST http://testserver/login "HTTP/1.1 200 OK"
2025-05-29 18:46:17,013 [ERROR] El user 2 no existe en el proyecto 1
2025-05-29 18:46:17,013 [WARNING] HTTP error: User with user_id 2 is not in project with project_id 1 - Path: http://testserver/project/1/1/2
2025-05-29 18:46:17,013 [INFO] method=DELETE path=/project/1/1/2 user=anonymous duration=0.006s status=400
2025-05-29 18:46:17,013 [INFO] HTTP Request: DELETE http://testserver/project/1/1/2 "HTTP/1.1 400 Bad Request"
2025-05-29 18:46:17,438 [INFO] method=POST path=/login user=anonymous duration=0.203s status=200
2025-05-29 18:46:17,439 [INFO] HTTP Request: POST http://testserver/login "HTTP/1.1 200 OK"
2025-05-29 18:46:17,445 [ERROR] El user 3 no existe en el grupo 1
2025-05-29 18:46:17,446 [WARNING] HTTP error: User with user_id 3 is not in Group with group_id 1 - Path: http://testserver/project/1/1/3
2025-05-29 18:46:17,446 [INFO] method=DELETE path=/project/1/1/3 user=anonymous duration=0.005s status=400
2025-05-29 18:46:17,446 [INFO] HTTP Request: DELETE http://testserver/project/1/1/3 "HTTP/1.1 400 Bad Request"
2025-05-29 18:46:17,965 [INFO] method=POST path=/login user=anonymous duration=0.275s status=200
2025-05-29 18:46:17,967 [INFO] HTTP Request: POST http://testserver/login "HTTP/1.1 200 OK"
2025-05-29 18:46:17,984 [INFO] method=DELETE path=/project/1/2 user=anonymous duration=0.016s status=200
2025-05-29 18:46:17,984 [INFO] HTTP Request: DELETE http://testserver/project/1/2 "HTTP/1.1 200 OK"
2025-05-29 18:46:17,991 [ERROR] Error al obtener todos los proyectos del grupo 1: Error en base de datos
2025-05-29 18:46:17,994 [ERROR] Error al obtener los proyectos a los que pertenece el user 1: Error en base de datos
2025-05-29 18:46:17,999 [ERROR] Error al crear un proyecto en el grupo 1: Error en base de datos
2025-05-29 18:46:18,003 [ERROR] Error al eliminar el proyecto 1 en el grupo 1: Error en base de datos
2025-05-29 18:46:18,011 [ERROR] Error al agregar al user 2 al proyecto 1: Error en base de datos
2025-05-29 18:46:18,018 [ERROR] Error al remover al user 2 del proyecto 1: Error en base de datos
2025-05-29 18:46:18,026 [ERROR] Error al actualizar permisos del user 2 del proyecto 1: Error en base de datos
2025-05-29 18:46:18,033 [ERROR] Error al obtener los usuarios del proyecto 1: Error en base de datos
2025-05-29 18:46:18,039 [ERROR] No se encontraron los usuarios en el proyecto 1
2025-05-29 18:46:18,713 [INFO] method=POST path=/login user=anonymous duration=0.305s status=200
2025-05-29 18:46:18,715 [INFO] HTTP Request: POST http://testserver/login "HTTP/1.1 200 OK"
2025-05-29 18:46:19,275 [INFO] [create_group] Redis Cache Delete - Key: groups:limit:*:offset:*
2025-05-29 18:46:19,275 [INFO] [create_group] Group Create Success
2025-05-29 18:46:19,276 [INFO] method=POST path=/group user=anonymous duration=0.012s status=200
2025-05-29 18:46:19,276 [INFO] HTTP Request: POST http://testserver/group "HTTP/1.1 200 OK"
2025-05-29 18:46:19,288 [INFO] Published message to user:2: {"type":"notification","payload":{"notification_type":"append_to_group","message":"Has sido agregado a group 1","related_entity_id":null,"timestamp":"2025-05-29T18:46:19.287657"}}
2025-05-29 18:46:19,289 [INFO] [append_user_group] Redis Cache Delete - Key: groups:user_id:1:limit:*:offset:*
2025-05-29 18:46:19,289 [INFO] [append_user_group] User 2 Append to Group 1 Success
2025-05-29 18:46:19,290 [INFO] method=POST path=/group/1/2 user=anonymous duration=0.013s status=200
2025-05-29 18:46:19,290 [INFO] HTTP Request: POST http://testserver/group/1/2 "HTTP/1.1 200 OK"
2025-05-29 18:46:19,306 [INFO] method=POST path=/project/1 user=anonymous duration=0.015s status=200
2025-05-29 18:46:19,306 [INFO] HTTP Request: POST http://testserver/project/1 "HTTP/1.1 200 OK"
2025-05-29 18:46:19,312 [INFO] method=GET path=/project/1/1/users user=anonymous duration=0.005s status=200
2025-05-29 18:46:19,313 [INFO] HTTP Request: GET http://testserver/project/1/1/users "HTTP/1.1 200 OK"
2025-05-29 18:46:19,323 [INFO] Published message to user:2: {"type":"notification","payload":{"notification_type":"add_user_to_project","message":"Fuiste agregagdo al project 1","related_entity_id":null,"timestamp":"2025-05-29T18:46:19.322613"}}
2025-05-29 18:46:19,324 [INFO] method=POST path=/project/1/1/2 user=anonymous duration=0.011s status=200
2025-05-29 18:46:19,324 [INFO] HTTP Request: POST http://testserver/project/1/1/2 "HTTP/1.1 200 OK"
2025-05-29 18:46:19,338 [INFO] Published message to user:1: {"type":"notification","payload":{"notification_type":"assigned_task","message":"Ya no estas asignado a task 1 en project 1","related_entity_id":null,"timestamp":"2025-05-29T18:46:19.337901"}}
2025-05-29 18:46:19,342 [INFO] method=POST path=/task/1 user=anonymous duration=0.016s status=200
2025-05-29 18:46:19,343 [INFO] HTTP Request: POST http://testserver/task/1 "HTTP/1.1 200 OK"
2025-05-29 18:46:19,773 [INFO] method=POST path=/login user=anonymous duration=0.199s status=200
2025-05-29 18:46:19,774 [INFO] HTTP Request: POST http://testserver/login "HTTP/1.1 200 OK"
2025-05-29 18:46:20,171 [INFO] [create_group] Redis Cache Delete - Key: groups:limit:*:offset:*
2025-05-29 18:46:20,172 [INFO] [create_group] Group Create Success
2025-05-29 18:46:20,172 [INFO] method=POST path=/group user=anonymous duration=0.009s status=200
2025-05-29 18:46:20,172 [INFO] HTTP Request: POST http://testserver/group "HTTP/1.1 200 OK"
2025-05-29 18:46:20,177 [ERROR] [append_user_group] User 2 Append to Group 1 Error
2025-05-29 18:46:20,177 [ERROR] [append_user_group] Unexpected Error:  400: User with user_id 2 is in Group with group_id 1
2025-05-29 18:46:20,177 [WARNING] HTTP error: User with user_id 2 is in Group with group_id 1 - Path: http://testserver/group/1/2
2025-05-29 18:46:20,178 [INFO] method=POST path=/group/1/2 user=anonymous duration=0.005s status=400
2025-05-29 18:46:20,178 [INFO] HTTP Request: POST http://testserver/group/1/2 "HTTP/1.1 400 Bad Request"
2025-05-29 18:46:20,190 [INFO] method=POST path=/project/1 user=anonymous duration=0.012s status=200
2025-05-29 18:46:20,191 [INFO] HTTP Request: POST http://testserver/project/1 "HTTP/1.1 200 OK"
2025-05-29 18:46:20,193 [INFO] Redis Cache: project:users:group_id:1:project_id:1:limit:10:offset:0
2025-05-29 18:46:20,194 [INFO] method=GET path=/project/1/1/users user=anonymous duration=0.003s status=200
2025-05-29 18:46:20,194 [INFO] HTTP Request: GET http://testserver/project/1/1/users "HTTP/1.1 200 OK"
2025-05-29 18:46:20,199 [ERROR] El user 2 ya existe en el proyecto 1
2025-05-29 18:46:20,200 [WARNING] HTTP error: User with user_id 2 is in project with project_id 1 - Path: http://testserver/project/1/1/2
2025-05-29 18:46:20,200 [INFO] method=POST path=/project/1/1/2 user=anonymous duration=0.005s status=400
2025-05-29 18:46:20,200 [INFO] HTTP Request: POST http://testserver/project/1/1/2 "HTTP/1.1 400 Bad Request"
2025-05-29 18:46:20,206 [ERROR] User 3 no encontrado en project 1
2025-05-29 18:46:20,206 [WARNING] HTTP error: User with user_id 3 is not in project with project_id 1 - Path: http://testserver/task/1
2025-05-29 18:46:20,206 [INFO] method=POST path=/task/1 user=anonymous duration=0.005s status=400
2025-05-29 18:46:20,207 [INFO] HTTP Request: POST http://testserver/task/1 "HTTP/1.1 400 Bad Request"
2025-05-29 18:46:20,604 [INFO] method=POST path=/login user=anonymous duration=0.200s status=200
2025-05-29 18:46:20,606 [INFO] HTTP Request: POST http://testserver/login "HTTP/1.1 200 OK"
2025-05-29 18:46:21,006 [INFO] [create_group] Redis Cache Delete - Key: groups:limit:*:offset:*
2025-05-29 18:46:21,006 [INFO] [create_group] Group Create Success
2025-05-29 18:46:21,006 [INFO] method=POST path=/group user=anonymous duration=0.011s status=200
2025-05-29 18:46:21,006 [INFO] HTTP Request: POST http://testserver/group "HTTP/1.1 200 OK"
2025-05-29 18:46:21,012 [ERROR] [append_user_group] User 2 Append to Group 1 Error
2025-05-29 18:46:21,012 [ERROR] [append_user_group] Unexpected Error:  400: User with user_id 2 is in Group with group_id 1
2025-05-29 18:46:21,013 [WARNING] HTTP error: User with user_id 2 is in Group with group_id 1 - Path: http://testserver/group/1/2
2025-05-29 18:46:21,013 [INFO] method=POST path=/group/1/2 user=anonymous duration=0.006s status=400
2025-05-29 18:46:21,013 [INFO] HTTP Request: POST http://testserver/group/1/2 "HTTP/1.1 400 Bad Request"
2025-05-29 18:46:21,026 [INFO] method=POST path=/project/1 user=anonymous duration=0.012s status=200
2025-05-29 18:46:21,027 [INFO] HTTP Request: POST http://testserver/project/1 "HTTP/1.1 200 OK"
2025-05-29 18:46:21,030 [INFO] Redis Cache: project:users:group_id:1:project_id:1:limit:10:offset:0
2025-05-29 18:46:21,030 [INFO] method=GET path=/project/1/1/users user=anonymous duration=0.003s status=200
2025-05-29 18:46:21,030 [INFO] HTTP Request: GET http://testserver/project/1/1/users "HTTP/1.1 200 OK"
2025-05-29 18:46:21,035 [ERROR] El user 2 ya existe en el proyecto 1
2025-05-29 18:46:21,035 [WARNING] HTTP error: User with user_id 2 is in project with project_id 1 - Path: http://testserver/project/1/1/2
2025-05-29 18:46:21,035 [INFO] method=POST path=/project/1/1/2 user=anonymous duration=0.005s status=400
2025-05-29 18:46:21,036 [INFO] HTTP Request: POST http://testserver/project/1/1/2 "HTTP/1.1 400 Bad Request"
2025-05-29 18:46:21,041 [ERROR] User 1000 no encontrado
2025-05-29 18:46:21,042 [WARNING] HTTP error: User with user_id 1000 not found - Path: http://testserver/task/1
2025-05-29 18:46:21,042 [INFO] method=POST path=/task/1 user=anonymous duration=0.005s status=404
2025-05-29 18:46:21,042 [INFO] HTTP Request: POST http://testserver/task/1 "HTTP/1.1 404 Not Found"
2025-05-29 18:46:21,439 [INFO] method=POST path=/login user=anonymous duration=0.200s status=200
2025-05-29 18:46:21,440 [INFO] HTTP Request: POST http://testserver/login "HTTP/1.1 200 OK"
2025-05-29 18:46:21,445 [WARNING] HTTP error: User with user_id 2 is Not Authorized - Path: http://testserver/task/1
2025-05-29 18:46:21,446 [INFO] method=POST path=/task/1 user=anonymous duration=0.004s status=401
2025-05-29 18:46:21,446 [INFO] HTTP Request: POST http://testserver/task/1 "HTTP/1.1 401 Unauthorized"
2025-05-29 18:46:21,846 [INFO] method=POST path=/login user=anonymous duration=0.202s status=200
2025-05-29 18:46:21,847 [INFO] HTTP Request: POST http://testserver/login "HTTP/1.1 200 OK"
2025-05-29 18:46:21,855 [INFO] method=GET path=/task user=anonymous duration=0.006s status=200
2025-05-29 18:46:21,856 [INFO] HTTP Request: GET http://testserver/task "HTTP/1.1 200 OK"
2025-05-29 18:46:21,858 [INFO] Redis Cache task:user:user_id:1:limit:10:offset:0
2025-05-29 18:46:21,859 [INFO] method=GET path=/task user=anonymous duration=0.003s status=200
2025-05-29 18:46:21,859 [INFO] HTTP Request: GET http://testserver/task "HTTP/1.1 200 OK"
2025-05-29 18:46:22,263 [INFO] method=POST path=/login user=anonymous duration=0.200s status=200
2025-05-29 18:46:22,265 [INFO] HTTP Request: POST http://testserver/login "HTTP/1.1 200 OK"
2025-05-29 18:46:22,273 [INFO] method=GET path=/task/1 user=anonymous duration=0.008s status=200
2025-05-29 18:46:22,274 [INFO] HTTP Request: GET http://testserver/task/1 "HTTP/1.1 200 OK"
2025-05-29 18:46:22,277 [INFO] Redis Cache task:users:project_id:1:user_id:1:limit:10:offset:0
2025-05-29 18:46:22,277 [INFO] method=GET path=/task/1 user=anonymous duration=0.003s status=200
2025-05-29 18:46:22,277 [INFO] HTTP Request: GET http://testserver/task/1 "HTTP/1.1 200 OK"
2025-05-29 18:46:22,682 [INFO] method=POST path=/login user=anonymous duration=0.204s status=200
2025-05-29 18:46:22,683 [INFO] HTTP Request: POST http://testserver/login "HTTP/1.1 200 OK"
2025-05-29 18:46:22,698 [INFO] Published message to user:2: {"type":"notification","payload":{"notification_type":"assigned_task","message":"Te asignaron a task 1 en project 1","related_entity_id":null,"timestamp":"2025-05-29T18:46:22.697828"}}
2025-05-29 18:46:22,698 [INFO] Published message to user:1: {"type":"notification","payload":{"notification_type":"assigned_task","message":"Ya no estas asignado a task 1 en project 1","related_entity_id":null,"timestamp":"2025-05-29T18:46:22.698557"}}
2025-05-29 18:46:22,699 [INFO] method=PATCH path=/task/1/1 user=anonymous duration=0.015s status=200
2025-05-29 18:46:22,700 [INFO] HTTP Request: PATCH http://testserver/task/1/1 "HTTP/1.1 200 OK"
2025-05-29 18:46:23,151 [INFO] method=POST path=/login user=anonymous duration=0.233s status=200
2025-05-29 18:46:23,153 [INFO] HTTP Request: POST http://testserver/login "HTTP/1.1 200 OK"
2025-05-29 18:46:23,158 [WARNING] HTTP error: Project with project_id 1000 not found - Path: http://testserver/task/1000/1
2025-05-29 18:46:23,159 [INFO] method=PATCH path=/task/1000/1 user=anonymous duration=0.005s status=404
2025-05-29 18:46:23,159 [INFO] HTTP Request: PATCH http://testserver/task/1000/1 "HTTP/1.1 404 Not Found"
2025-05-29 18:46:23,674 [INFO] method=POST path=/login user=anonymous duration=0.275s status=200
2025-05-29 18:46:23,676 [INFO] HTTP Request: POST http://testserver/login "HTTP/1.1 200 OK"
2025-05-29 18:46:23,685 [ERROR] Task 1000 no encontrado en Project 1
2025-05-29 18:46:23,685 [WARNING] HTTP error: Task with task_id 1000 is not in Project with project_id 1 - Path: http://testserver/task/1/1000
2025-05-29 18:46:23,685 [INFO] method=PATCH path=/task/1/1000 user=anonymous duration=0.007s status=404
2025-05-29 18:46:23,685 [INFO] HTTP Request: PATCH http://testserver/task/1/1000 "HTTP/1.1 404 Not Found"
2025-05-29 18:46:24,174 [INFO] method=POST path=/login user=anonymous duration=0.228s status=200
2025-05-29 18:46:24,175 [INFO] HTTP Request: POST http://testserver/login "HTTP/1.1 200 OK"
2025-05-29 18:46:24,183 [ERROR] User 100000 no esta asignado a task 1
2025-05-29 18:46:24,184 [WARNING] HTTP error: Task with task_id 1 is NOT assigned to User with user_id 100000 - Path: http://testserver/task/1/1
2025-05-29 18:46:24,184 [INFO] method=PATCH path=/task/1/1 user=anonymous duration=0.007s status=400
2025-05-29 18:46:24,184 [INFO] HTTP Request: PATCH http://testserver/task/1/1 "HTTP/1.1 400 Bad Request"
2025-05-29 18:46:24,607 [INFO] method=POST path=/login user=anonymous duration=0.199s status=200
2025-05-29 18:46:24,608 [INFO] HTTP Request: POST http://testserver/login "HTTP/1.1 200 OK"
2025-05-29 18:46:24,614 [ERROR] User 3 no encontrado en el project 1
2025-05-29 18:46:24,615 [WARNING] HTTP error: User with user_id 3 is not in project with project_id 1 - Path: http://testserver/task/1/1
2025-05-29 18:46:24,615 [INFO] method=PATCH path=/task/1/1 user=anonymous duration=0.006s status=400
2025-05-29 18:46:24,615 [INFO] HTTP Request: PATCH http://testserver/task/1/1 "HTTP/1.1 400 Bad Request"
2025-05-29 18:46:25,014 [INFO] method=POST path=/login user=anonymous duration=0.200s status=200
2025-05-29 18:46:25,016 [INFO] HTTP Request: POST http://testserver/login "HTTP/1.1 200 OK"
2025-05-29 18:46:25,023 [ERROR] User 2 ya esta asignado a task 1
2025-05-29 18:46:25,023 [WARNING] HTTP error: Task with task_id 1 is assigned to User with user_id 2 - Path: http://testserver/task/1/1
2025-05-29 18:46:25,023 [INFO] method=PATCH path=/task/1/1 user=anonymous duration=0.006s status=400
2025-05-29 18:46:25,023 [INFO] HTTP Request: PATCH http://testserver/task/1/1 "HTTP/1.1 400 Bad Request"
2025-05-29 18:46:25,420 [INFO] method=POST path=/login user=anonymous duration=0.198s status=200
2025-05-29 18:46:25,421 [INFO] HTTP Request: POST http://testserver/login "HTTP/1.1 200 OK"
2025-05-29 18:46:25,428 [ERROR] User 100000 no encontrado
2025-05-29 18:46:25,428 [WARNING] HTTP error: User with user_id 100000 not found - Path: http://testserver/task/1/1
2025-05-29 18:46:25,428 [INFO] method=PATCH path=/task/1/1 user=anonymous duration=0.006s status=404
2025-05-29 18:46:25,429 [INFO] HTTP Request: PATCH http://testserver/task/1/1 "HTTP/1.1 404 Not Found"
2025-05-29 18:46:25,829 [INFO] method=POST path=/login user=anonymous duration=0.199s status=200
2025-05-29 18:46:25,831 [INFO] HTTP Request: POST http://testserver/login "HTTP/1.1 200 OK"
2025-05-29 18:46:25,843 [INFO] method=DELETE path=/task/1/1 user=anonymous duration=0.011s status=200
2025-05-29 18:46:25,843 [INFO] HTTP Request: DELETE http://testserver/task/1/1 "HTTP/1.1 200 OK"
2025-05-29 18:46:26,240 [INFO] method=POST path=/login user=anonymous duration=0.199s status=200
2025-05-29 18:46:26,241 [INFO] HTTP Request: POST http://testserver/login "HTTP/1.1 200 OK"
2025-05-29 18:46:26,245 [ERROR] Task 1 no encontrado en Project 1
2025-05-29 18:46:26,245 [WARNING] HTTP error: Task with task_id 1 is not in Project with project_id 1 - Path: http://testserver/task/1/1
2025-05-29 18:46:26,245 [INFO] method=DELETE path=/task/1/1 user=anonymous duration=0.004s status=404
2025-05-29 18:46:26,246 [INFO] HTTP Request: DELETE http://testserver/task/1/1 "HTTP/1.1 404 Not Found"
2025-05-29 18:46:26,644 [INFO] method=POST path=/login user=anonymous duration=0.199s status=200
2025-05-29 18:46:26,646 [INFO] HTTP Request: POST http://testserver/login "HTTP/1.1 200 OK"
2025-05-29 18:46:26,651 [WARNING] HTTP error: User with user_id 2 is Not Authorized - Path: http://testserver/task/1/2
2025-05-29 18:46:26,652 [INFO] method=DELETE path=/task/1/2 user=anonymous duration=0.005s status=401
2025-05-29 18:46:26,652 [INFO] HTTP Request: DELETE http://testserver/task/1/2 "HTTP/1.1 401 Unauthorized"
2025-05-29 18:46:27,048 [INFO] method=POST path=/login user=anonymous duration=0.201s status=200
2025-05-29 18:46:27,050 [INFO] HTTP Request: POST http://testserver/login "HTTP/1.1 200 OK"
2025-05-29 18:46:27,055 [INFO] method=GET path=/task/1/users user=anonymous duration=0.004s status=200
2025-05-29 18:46:27,055 [INFO] HTTP Request: GET http://testserver/task/1/users "HTTP/1.1 200 OK"
2025-05-29 18:46:27,057 [INFO] Redis Cache task:users:task_id:1:limit:10:offset:0
2025-05-29 18:46:27,057 [INFO] method=GET path=/task/1/users user=anonymous duration=0.002s status=200
2025-05-29 18:46:27,058 [INFO] HTTP Request: GET http://testserver/task/1/users "HTTP/1.1 200 OK"
2025-05-29 18:46:27,064 [ERROR] Error al obtener las tareas asignadas al user 1: Error en base de datos
2025-05-29 18:46:27,066 [ERROR] Error al obtener los usuarios asignados a task 1: Error en base de datos
2025-05-29 18:46:27,070 [ERROR] Error al obtener las tareas del proyecto 1: Error en base de datos
2025-05-29 18:46:27,073 [ERROR] Error al crear una task en project 1 Error en base de datos
2025-05-29 18:46:27,078 [ERROR] Error al actualizar la task 1 en el project 1 Error en base de datos
2025-05-29 18:46:27,084 [ERROR] Error al eliminar la task 1 del project 1 Error en base de datos
2025-05-29 18:46:27,539 [INFO] method=POST path=/login user=anonymous duration=0.200s status=200
2025-05-29 18:46:27,541 [INFO] HTTP Request: POST http://testserver/login "HTTP/1.1 200 OK"
2025-05-29 18:46:27,546 [INFO] method=GET path=/user/me user=anonymous duration=0.003s status=200
2025-05-29 18:46:27,547 [INFO] HTTP Request: GET http://testserver/user/me "HTTP/1.1 200 OK"
2025-05-29 18:46:27,560 [ERROR] Ya existe un user con el mismo username
2025-05-29 18:46:27,560 [WARNING] HTTP error: Ya existe un usuario con este Username - Path: http://testserver/user
2025-05-29 18:46:27,560 [INFO] method=POST path=/user user=anonymous duration=0.010s status=406
2025-05-29 18:46:27,561 [INFO] HTTP Request: POST http://testserver/user "HTTP/1.1 406 Not Acceptable"
2025-05-29 18:46:27,565 [ERROR] Ya existe un user con el mismo email
2025-05-29 18:46:27,566 [WARNING] HTTP error: Ya existe un usuario con este Email - Path: http://testserver/user
2025-05-29 18:46:27,566 [INFO] method=POST path=/user user=anonymous duration=0.003s status=406
2025-05-29 18:46:27,566 [INFO] HTTP Request: POST http://testserver/user "HTTP/1.1 406 Not Acceptable"
2025-05-29 18:46:27,779 [INFO] method=POST path=/user user=anonymous duration=0.210s status=200
2025-05-29 18:46:27,780 [INFO] HTTP Request: POST http://testserver/user "HTTP/1.1 200 OK"
2025-05-29 18:46:27,980 [INFO] method=POST path=/user user=anonymous duration=0.198s status=200
2025-05-29 18:46:27,980 [INFO] HTTP Request: POST http://testserver/user "HTTP/1.1 200 OK"
2025-05-29 18:46:27,986 [INFO] method=GET path=/user user=anonymous duration=0.004s status=200
2025-05-29 18:46:27,987 [INFO] HTTP Request: GET http://testserver/user "HTTP/1.1 200 OK"
2025-05-29 18:46:27,989 [INFO] Redis Cached users:limit:10:offset:0
2025-05-29 18:46:27,989 [INFO] method=GET path=/user user=anonymous duration=0.002s status=200
2025-05-29 18:46:27,990 [INFO] HTTP Request: GET http://testserver/user "HTTP/1.1 200 OK"
2025-05-29 18:46:28,200 [INFO] method=POST path=/login user=anonymous duration=0.203s status=200
2025-05-29 18:46:28,201 [INFO] HTTP Request: POST http://testserver/login "HTTP/1.1 200 OK"
2025-05-29 18:46:28,210 [INFO] method=PATCH path=/user/me user=anonymous duration=0.008s status=200
2025-05-29 18:46:28,211 [INFO] HTTP Request: PATCH http://testserver/user/me "HTTP/1.1 200 OK"
2025-05-29 18:46:28,606 [INFO] method=POST path=/login user=anonymous duration=0.199s status=200
2025-05-29 18:46:28,608 [INFO] HTTP Request: POST http://testserver/login "HTTP/1.1 200 OK"
2025-05-29 18:46:28,620 [INFO] method=DELETE path=/user/me user=anonymous duration=0.011s status=200
2025-05-29 18:46:28,621 [INFO] HTTP Request: DELETE http://testserver/user/me "HTTP/1.1 200 OK"
2025-05-29 18:46:28,623 [ERROR] Error al obtener los usuarios Error en base de datos
2025-05-29 18:46:28,815 [ERROR] Error al crear el usuario Error en base de datos
2025-05-29 18:46:28,818 [ERROR] Error al actualizar el user <Mock name='mock.user_id' id='128427877662688'> actual Error en base de datos
2025-05-29 18:46:28,820 [ERROR] Error al eliminar el user <Mock name='mock.user_id' id='128427876260832'> actual Error en base de datos
2025-05-29 18:46:29,282 [INFO] method=POST path=/login user=anonymous duration=0.200s status=200
2025-05-29 18:46:29,284 [INFO] HTTP Request: POST http://testserver/login "HTTP/1.1 200 OK"
2025-05-29 18:46:29,287 [INFO] Verificando usuario 1 en proyecto 1
2025-05-29 18:46:29,287 [INFO] Usuario 1 no autorizado para proyecto 1
2025-05-29 18:46:29,288 [INFO] Verificando usuario 1 en proyecto 1
2025-05-29 18:46:29,288 [INFO] Proyecto 1 no encontrado
2025-05-29 18:46:29,289 [INFO] Error: No tiene el Header
2025-05-29 18:46:29,290 [WARNING] Error: Desconeccion repentina: 1008: 
2025-05-29 18:46:29,291 [INFO] Error: Formato incorrecto
2025-05-29 18:46:29,291 [WARNING] Error: Desconeccion repentina: 1008: 
2025-05-29 18:46:29,293 [INFO] Error: Usuario no encontrado
2025-05-29 18:46:29,293 [WARNING] Error: Desconeccion repentina: 1008: 
2025-05-29 18:46:29,300 [ERROR] Group 1 no encontrado
2025-05-29 18:46:29,301 [ERROR] [update_group] Unexpected Error:  404: Group with group_id 1 not found
2025-05-29 18:46:29,303 [ERROR] Project 1 no encontrado
2025-05-29 18:46:29,307 [ERROR] [delete_user_group] Unexpected Error:  400: User with user_id 1 is not in Group with group_id 1
2025-05-29 18:46:29,309 [ERROR] Project 1 no encontrado
2025-05-29 18:46:29,312 [ERROR] Task 1 no encontrado
